<?xml version="1.0" encoding="UTF-8"?>
<!-- Generated by org.testng.reporters.JUnitXMLReporter -->
<testsuite ignored="0" hostname="DESKTOP-THPAN6E" failures="0" tests="2" name="Default test" time="0.069" errors="0" timestamp="2021-09-20T23:42:47 CDT">
  <testcase classname="Repository_java.Repository_javaPrgms.CountPalidromeWords" name="testCase1" time="0.011"/>
  <testcase classname="Repository_java.Repository_javaPrgms.CountPalidromeWords" name="testCase2" time="0.001"/>
</testsuite> <!-- Default test -->
