<?xml version="1.0" encoding="UTF-8"?>
<testng-results ignored="0" total="2" passed="2" failed="0" skipped="0">
  <reporter-output>
  </reporter-output>
  <suite started-at="2021-09-20T23:42:47 CDT" name="Default suite" finished-at="2021-09-20T23:42:47 CDT" duration-ms="69">
    <groups>
    </groups>
    <test started-at="2021-09-20T23:42:47 CDT" name="Default test" finished-at="2021-09-20T23:42:47 CDT" duration-ms="69">
      <class name="Repository_java.Repository_javaPrgms.CountPalidromeWords">
        <test-method signature="testCase1()[pri:0, instance:Repository_java.Repository_javaPrgms.CountPalidromeWords@152aa092]" started-at="2021-09-20T23:42:47 CDT" name="testCase1" finished-at="2021-09-20T23:42:47 CDT" duration-ms="11" status="PASS">
          <reporter-output>
          </reporter-output>
        </test-method> <!-- testCase1 -->
        <test-method signature="testCase2()[pri:0, instance:Repository_java.Repository_javaPrgms.CountPalidromeWords@152aa092]" started-at="2021-09-20T23:42:47 CDT" name="testCase2" finished-at="2021-09-20T23:42:47 CDT" duration-ms="1" status="PASS">
          <reporter-output>
          </reporter-output>
        </test-method> <!-- testCase2 -->
      </class> <!-- Repository_java.Repository_javaPrgms.CountPalidromeWords -->
    </test> <!-- Default test -->
  </suite> <!-- Default suite -->
</testng-results>
